<?xml version="1.0" encoding="UTF-8"?>
<!-- Generated by org.testng.reporters.JUnitXMLReporter -->
<testsuite ignored="0" hostname="Prabhus-MacBook-Pro.local" failures="2" tests="2" name="Surefire test" time="2.063" errors="0" timestamp="2025-02-17T22:20:09 IST">
  <testcase classname="io.cucumber.testng.AbstractTestNGCucumberTests" name="runScenario" time="0.33">
    <failure type="java.lang.NullPointerException" message="Cannot invoke &amp;quot;org.openqa.selenium.WebDriver.get(String)&amp;quot; because &amp;quot;this.driver&amp;quot; is null">
      <![CDATA[java.lang.NullPointerException: Cannot invoke "org.openqa.selenium.WebDriver.get(String)" because "this.driver" is null
at com.automation.stepdefinitions.LoginSteps.user_is_on_login_page(LoginSteps.java:21)
at ✽.User is on login page(file:///Users/prabhuloganathan/eclipse-workspace-Feb/SeleniumBase/src/test/resources/features/Login.feature:4)
]]>
    </failure>
  </testcase> <!-- runScenario -->
  <testcase classname="io.cucumber.testng.AbstractTestNGCucumberTests" name="runScenario" time="0.026">
    <failure type="java.lang.NullPointerException" message="Cannot invoke &amp;quot;org.openqa.selenium.WebDriver.get(String)&amp;quot; because &amp;quot;this.driver&amp;quot; is null">
      <![CDATA[java.lang.NullPointerException: Cannot invoke "org.openqa.selenium.WebDriver.get(String)" because "this.driver" is null
at com.automation.stepdefinitions.LoginSteps.user_is_on_login_page(LoginSteps.java:21)
at ✽.User is on login page(file:///Users/prabhuloganathan/eclipse-workspace-Feb/SeleniumBase/src/test/resources/features/Login2.feature:4)
]]>
    </failure>
  </testcase> <!-- runScenario -->
</testsuite> <!-- Surefire test -->
