<?xml version="1.0" encoding="UTF-8"?>
<!-- Generated by org.testng.reporters.JUnitXMLReporter -->
<testsuite ignored="0" hostname="Prabhus-MacBook-Pro.local" failures="0" tests="2" name="Default test" time="15.617" errors="0" timestamp="2025-02-19T17:16:41 IST">
  <testcase classname="io.cucumber.testng.AbstractTestNGCucumberTests" name="runScenario" time="12.512"/>
  <testcase classname="io.cucumber.testng.AbstractTestNGCucumberTests" name="runScenario" time="13.988"/>
</testsuite> <!-- Default test -->
