<?xml version="1.0" encoding="UTF-8"?>
<testsuite xmlns:xsi="http://www.w3.org/2001/XMLSchema-instance" xsi:noNamespaceSchemaLocation="https://maven.apache.org/surefire/maven-surefire-plugin/xsd/surefire-test-report-3.0.xsd" version="3.0" name="com.automation.runners.TestRunner" time="2.583" tests="2" errors="0" skipped="0" failures="2">
  <properties>
[...]
</properties>
  <testcase name="runScenario[&quot;Successful login with valid credentials&quot;, &quot;Login Feature&quot;](1)" classname="com.automation.runners.TestRunner" time="0.335">
    <failure message="Cannot invoke &quot;org.openqa.selenium.WebDriver.get(String)&quot; because &quot;this.driver&quot; is null" type="java.lang.NullPointerException"><![CDATA[java.lang.NullPointerException: Cannot invoke "org.openqa.selenium.WebDriver.get(String)" because "this.driver" is null
	at com.automation.stepdefinitions.LoginSteps.user_is_on_login_page(LoginSteps.java:21)
	at ✽.User is on login page(file:///Users/prabhuloganathan/eclipse-workspace-Feb/SeleniumBase/src/test/resources/features/Login.feature:4)
]]></failure>
    <system-out><![CDATA[
Scenario: Successful login with valid credentials              # src/test/resources/features/Login.feature:3
  Given User is on login page                                  # com.automation.stepdefinitions.LoginSteps.user_is_on_login_page()
      java.lang.NullPointerException: Cannot invoke "org.openqa.selenium.WebDriver.get(String)" because "this.driver" is null
	at com.automation.stepdefinitions.LoginSteps.user_is_on_login_page(LoginSteps.java:21)
	at ✽.User is on login page(file:///Users/prabhuloganathan/eclipse-workspace-Feb/SeleniumBase/src/test/resources/features/Login.feature:4)

  When User enters username "admin" and password "password123" # com.automation.stepdefinitions.LoginSteps.user_enters_username_and_password(java.lang.String,java.lang.String)
  And Clicks on login button                                   # com.automation.stepdefinitions.LoginSteps.clicks_on_login_button()
  Then User should be redirected to homepage                   # com.automation.stepdefinitions.LoginSteps.user_should_be_redirected_to_homepage()
]]></system-out>
    <system-err><![CDATA[SLF4J: Failed to load class "org.slf4j.impl.StaticLoggerBinder".
SLF4J: Defaulting to no-operation (NOP) logger implementation
SLF4J: See http://www.slf4j.org/codes.html#StaticLoggerBinder for further details.
]]></system-err>
  </testcase>
  <testcase name="runScenario[&quot;Successful login with valid credentials&quot;, &quot;Login Feature&quot;](2)" classname="com.automation.runners.TestRunner" time="0.027">
    <failure message="Cannot invoke &quot;org.openqa.selenium.WebDriver.get(String)&quot; because &quot;this.driver&quot; is null" type="java.lang.NullPointerException"><![CDATA[java.lang.NullPointerException: Cannot invoke "org.openqa.selenium.WebDriver.get(String)" because "this.driver" is null
	at com.automation.stepdefinitions.LoginSteps.user_is_on_login_page(LoginSteps.java:21)
	at ✽.User is on login page(file:///Users/prabhuloganathan/eclipse-workspace-Feb/SeleniumBase/src/test/resources/features/Login2.feature:4)
]]></failure>
    <system-out><![CDATA[
Scenario: Successful login with valid credentials              # src/test/resources/features/Login2.feature:3
  Given User is on login page                                  # com.automation.stepdefinitions.LoginSteps.user_is_on_login_page()
      java.lang.NullPointerException: Cannot invoke "org.openqa.selenium.WebDriver.get(String)" because "this.driver" is null
	at com.automation.stepdefinitions.LoginSteps.user_is_on_login_page(LoginSteps.java:21)
	at ✽.User is on login page(file:///Users/prabhuloganathan/eclipse-workspace-Feb/SeleniumBase/src/test/resources/features/Login2.feature:4)

  When User enters username "admin" and password "password123" # com.automation.stepdefinitions.LoginSteps.user_enters_username_and_password(java.lang.String,java.lang.String)
  And Clicks on login button                                   # com.automation.stepdefinitions.LoginSteps.clicks_on_login_button()
  Then User should be redirected to homepage                   # com.automation.stepdefinitions.LoginSteps.user_should_be_redirected_to_homepage()
]]></system-out>
  </testcase>
</testsuite>